#
# There is insufficient memory for the Java Runtime Environment to continue.
# Native memory allocation (mmap) failed to map 201326592 bytes for G1 virtual space
# Possible reasons:
#   The system is out of physical RAM or swap space
#   The process is running with CompressedOops enabled, and the Java Heap may be blocking the growth of the native heap
# Possible solutions:
#   Reduce memory load on the system
#   Increase physical memory or swap space
#   Check if swap backing store is full
#   Decrease Java heap size (-Xmx/-Xms)
#   Decrease number of Java threads
#   Decrease Java thread stack sizes (-Xss)
#   Set larger code cache with -XX:ReservedCodeCacheSize=
#   JVM is running with Zero Based Compressed Oops mode in which the Java heap is
#     placed in the first 32GB address space. The Java Heap base address is the
#     maximum limit for the native heap growth. Please use -XX:HeapBaseMinAddress
#     to set the Java Heap base and to place the Java Heap above 32GB virtual address.
# This output file may be truncated or incomplete.
#
#  Out of Memory Error (os_windows.cpp:3528), pid=28920, tid=27240
#
# JRE version:  (20.0.1+9) (build )
# Java VM: Java HotSpot(TM) 64-Bit Server VM (20.0.1+9-29, mixed mode, sharing, tiered, compressed oops, compressed class ptrs, g1 gc, windows-amd64)
# No core dump will be written. Minidumps are not enabled by default on client versions of Windows
#

---------------  S U M M A R Y ------------

Command Line: -Dfile.encoding=UTF-8 --module-path=C:\Users\aksha\OneDrive\Documents\NetBeansProjects\Bank Management System\build\classes bank.management.system.SignUpOne

Host: Intel(R) Core(TM) i3-8130U CPU @ 2.20GHz, 4 cores, 11G,  Windows 11 , 64 bit Build 22621 (10.0.22621.2506)
Time: Fri Jan  5 00:51:40 2024 India Standard Time elapsed time: 0.015079 seconds (0d 0h 0m 0s)

---------------  T H R E A D  ---------------

Current thread (0x000002faa3409250):  JavaThread "Unknown thread" [_thread_in_vm, id=27240, stack(0x000000fc7e400000,0x000000fc7e500000)]

Stack: [0x000000fc7e400000,0x000000fc7e500000]
Native frames: (J=compiled Java code, j=interpreted, Vv=VM code, C=native code)
V  [jvm.dll+0x6bb95a]
V  [jvm.dll+0x8485fa]
V  [jvm.dll+0x84a1f5]
V  [jvm.dll+0x84a8f3]
V  [jvm.dll+0x280b0f]
V  [jvm.dll+0x6b86e9]
V  [jvm.dll+0x6ad2da]
V  [jvm.dll+0x35adf5]
V  [jvm.dll+0x363016]
V  [jvm.dll+0x3b3b3e]
V  [jvm.dll+0x3b3dc5]
V  [jvm.dll+0x32b50a]
V  [jvm.dll+0x32c32b]
V  [jvm.dll+0x8112bf]
V  [jvm.dll+0x3c0d91]
V  [jvm.dll+0x7fcfe3]
V  [jvm.dll+0x44c76f]
V  [jvm.dll+0x44e0e1]
C  [jli.dll+0x5287]
C  [ucrtbase.dll+0x29363]
C  [KERNEL32.DLL+0x1257d]
C  [ntdll.dll+0x5aa58]


---------------  P R O C E S S  ---------------

Threads class SMR info:
_java_thread_list=0x00007ffe1b01a098, length=0, elements={
}

Java Threads: ( => current thread )

Other Threads:
  0x000002faa34652d0 WorkerThread "GC Thread#0" [stack: 0x000000fc7e500000,0x000000fc7e600000] [id=27248]
  0x000002faa3473220 ConcurrentGCThread "G1 Main Marker" [stack: 0x000000fc7e600000,0x000000fc7e700000] [id=27840]
  0x000002faa34743f0 WorkerThread "G1 Conc#0" [stack: 0x000000fc7e700000,0x000000fc7e800000] [id=28488]

[error occurred during error reporting (printing all threads), id 0xc0000005, EXCEPTION_ACCESS_VIOLATION (0xc0000005) at pc=0x00007ffe1a7feb47]
VM state: not at safepoint (not fully initialized)

VM Mutex/Monitor currently owned by a thread:  ([mutex/lock_event])
[0x000002faa34068d0] Heap_lock - owner thread: 0x000002faa3409250

Heap address: 0x0000000741600000, size: 3050 MB, Compressed Oops mode: Zero based, Oop shift amount: 3

CDS archive(s) mapped at: [0x0000000000000000-0x0000000000000000-0x0000000000000000), size 0, SharedBaseAddress: 0x0000000800000000, ArchiveRelocationMode: 0.
Narrow klass base: 0x0000000000000000, Narrow klass shift: 0, Narrow klass range: 0x0

GC Precious Log:
 CardTable entry size: 512
 Card Set container configuration: InlinePtr #cards 4 size 8 Array Of Cards #cards 16 size 48 Howl #buckets 8 coarsen threshold 3686 Howl Bitmap #cards 512 size 80 coarsen threshold 460 Card regions per heap region 1 cards per card region 4096

Heap:
 garbage-first heap   total 0K, used 0K [0x0000000741600000, 0x0000000800000000)
  region size 2048K, 0 young (0K), 0 survivors (0K)

[error occurred during error reporting (printing heap information), id 0xc0000005, EXCEPTION_ACCESS_VIOLATION (0xc0000005) at pc=0x00007ffe1abd3c59]
GC Heap History (0 events):
No events

Dll operation events (1 events):
Event: 0.009 Loaded shared library C:\Program Files\Java\jdk-20\bin\java.dll

Deoptimization events (0 events):
No events

Classes loaded (0 events):
No events

Classes unloaded (0 events):
No events

Classes redefined (0 events):
No events

Internal exceptions (0 events):
No events

VM Operations (0 events):
No events

Events (0 events):
No events


Dynamic libraries:
0x00007ff7bf0a0000 - 0x00007ff7bf0b0000 	C:\Program Files\Java\jdk-20\bin\java.exe
0x00007ffe69690000 - 0x00007ffe698a7000 	C:\WINDOWS\SYSTEM32\ntdll.dll
0x00007ffe67b70000 - 0x00007ffe67c34000 	C:\WINDOWS\System32\KERNEL32.DLL
0x00007ffe66aa0000 - 0x00007ffe66e46000 	C:\WINDOWS\System32\KERNELBASE.dll
0x00007ffe63a10000 - 0x00007ffe63aa7000 	C:\WINDOWS\SYSTEM32\apphelp.dll
0x00007ffe66e50000 - 0x00007ffe66f61000 	C:\WINDOWS\System32\ucrtbase.dll
0x00007ffe5ede0000 - 0x00007ffe5edfb000 	C:\Program Files\Java\jdk-20\bin\VCRUNTIME140.dll
0x00007ffe45360000 - 0x00007ffe45379000 	C:\Program Files\Java\jdk-20\bin\jli.dll
0x00007ffe680d0000 - 0x00007ffe68181000 	C:\WINDOWS\System32\ADVAPI32.dll
0x00007ffe67940000 - 0x00007ffe679e7000 	C:\WINDOWS\System32\msvcrt.dll
0x00007ffe67cd0000 - 0x00007ffe67d75000 	C:\WINDOWS\System32\sechost.dll
0x00007ffe68eb0000 - 0x00007ffe68fc7000 	C:\WINDOWS\System32\RPCRT4.dll
0x00007ffe67f20000 - 0x00007ffe680ce000 	C:\WINDOWS\System32\USER32.dll
0x00007ffe66fe0000 - 0x00007ffe67006000 	C:\WINDOWS\System32\win32u.dll
0x00007ffe676b0000 - 0x00007ffe676d9000 	C:\WINDOWS\System32\GDI32.dll
0x00007ffe469e0000 - 0x00007ffe46c73000 	C:\WINDOWS\WinSxS\amd64_microsoft.windows.common-controls_6595b64144ccf1df_6.0.22621.2506_none_270c5ae97388e100\COMCTL32.dll
0x00007ffe67200000 - 0x00007ffe67318000 	C:\WINDOWS\System32\gdi32full.dll
0x00007ffe66a00000 - 0x00007ffe66a9a000 	C:\WINDOWS\System32\msvcp_win.dll
0x00007ffe60560000 - 0x00007ffe6056a000 	C:\WINDOWS\SYSTEM32\VERSION.dll
0x00007ffe67520000 - 0x00007ffe67551000 	C:\WINDOWS\System32\IMM32.DLL
0x00007ffe59d90000 - 0x00007ffe59d9c000 	C:\Program Files\Java\jdk-20\bin\vcruntime140_1.dll
0x00007ffe2da20000 - 0x00007ffe2daae000 	C:\Program Files\Java\jdk-20\bin\msvcp140.dll
0x00007ffe1a4c0000 - 0x00007ffe1b157000 	C:\Program Files\Java\jdk-20\bin\server\jvm.dll
0x00007ffe59da0000 - 0x00007ffe59da9000 	C:\WINDOWS\SYSTEM32\WSOCK32.dll
0x00007ffe60c70000 - 0x00007ffe60ca4000 	C:\WINDOWS\SYSTEM32\WINMM.dll
0x00007ffe68fd0000 - 0x00007ffe69041000 	C:\WINDOWS\System32\WS2_32.dll
0x00007ffe659c0000 - 0x00007ffe659d8000 	C:\WINDOWS\SYSTEM32\kernel.appcore.dll
0x00007ffe59d50000 - 0x00007ffe59d5a000 	C:\Program Files\Java\jdk-20\bin\jimage.dll
0x00007ffe642d0000 - 0x00007ffe64503000 	C:\WINDOWS\SYSTEM32\DBGHELP.DLL
0x00007ffe691b0000 - 0x00007ffe69539000 	C:\WINDOWS\System32\combase.dll
0x00007ffe673e0000 - 0x00007ffe674b7000 	C:\WINDOWS\System32\OLEAUT32.dll
0x00007ffe58150000 - 0x00007ffe58182000 	C:\WINDOWS\SYSTEM32\dbgcore.DLL
0x00007ffe67180000 - 0x00007ffe671fa000 	C:\WINDOWS\System32\bcryptPrimitives.dll
0x00007ffe46470000 - 0x00007ffe46496000 	C:\Program Files\Java\jdk-20\bin\java.dll

dbghelp: loaded successfully - version: 4.0.5 - missing functions: none
symbol engine: initialized successfully - sym options: 0x614 - pdb path: .;C:\Program Files\Java\jdk-20\bin;C:\WINDOWS\SYSTEM32;C:\WINDOWS\WinSxS\amd64_microsoft.windows.common-controls_6595b64144ccf1df_6.0.22621.2506_none_270c5ae97388e100;C:\Program Files\Java\jdk-20\bin\server

VM Arguments:
jvm_args: -Dfile.encoding=UTF-8 --module-path=C:\Users\aksha\OneDrive\Documents\NetBeansProjects\Bank Management System\build\classes 
java_command: bank.management.system.SignUpOne
java_class_path (initial): E:\Downloads\jcalendar-tz-1.3.3-4.jar;C:\Users\aksha\OneDrive\Documents\NetBeansProjects\Bank Management System\build\classes
Launcher Type: SUN_STANDARD

[Global flags]
     intx CICompilerCount                          = 3                                         {product} {ergonomic}
     uint ConcGCThreads                            = 1                                         {product} {ergonomic}
     uint G1ConcRefinementThreads                  = 4                                         {product} {ergonomic}
   size_t G1HeapRegionSize                         = 2097152                                   {product} {ergonomic}
    uintx GCDrainStackTargetSize                   = 64                                        {product} {ergonomic}
   size_t InitialHeapSize                          = 201326592                                 {product} {ergonomic}
   size_t MarkStackSize                            = 4194304                                   {product} {ergonomic}
   size_t MaxHeapSize                              = 3198156800                                {product} {ergonomic}
   size_t MinHeapDeltaBytes                        = 2097152                                   {product} {ergonomic}
   size_t MinHeapSize                              = 8388608                                   {product} {ergonomic}
    uintx NonNMethodCodeHeapSize                   = 5832780                                {pd product} {ergonomic}
    uintx NonProfiledCodeHeapSize                  = 122912730                              {pd product} {ergonomic}
    uintx ProfiledCodeHeapSize                     = 122912730                              {pd product} {ergonomic}
    uintx ReservedCodeCacheSize                    = 251658240                              {pd product} {ergonomic}
     bool SegmentedCodeCache                       = true                                      {product} {ergonomic}
   size_t SoftMaxHeapSize                          = 3198156800                             {manageable} {ergonomic}
     bool UseCompressedClassPointers               = true                           {product lp64_product} {ergonomic}
     bool UseCompressedOops                        = true                           {product lp64_product} {ergonomic}
     bool UseG1GC                                  = true                                      {product} {ergonomic}
     bool UseLargePagesIndividualAllocation        = false                                  {pd product} {ergonomic}

Logging:
Log output configuration:
 #0: stdout all=warning uptime,level,tags foldmultilines=false
 #1: stderr all=off uptime,level,tags foldmultilines=false

Environment Variables:
PATH=C:\Program Files (x86)\VMware\VMware Player\bin\;C:\Program Files\Common Files\Oracle\Java\javapath;C:\WINDOWS\system32;C:\WINDOWS;C:\WINDOWS\System32\Wbem;C:\WINDOWS\System32\WindowsPowerShell\v1.0\;C:\WINDOWS\System32\OpenSSH\;C:\Program Files\dotnet\;C:\MinGW\bin;C:\MinGW\bin;C:\Program Files\Java\jdk-20\bin;C:\Program Files\MySQL\MySQL Shell 8.0\bin\;C:\Users\aksha\AppData\Local\Microsoft\WindowsApps;C:\Users\aksha\AppData\Local\Programs\Microsoft VS Code\bin;C:\WINDOWS\system32\cmd.exe;C:\Windows\SysWow64\;C:\Windows\SysWOW64;
USERNAME=akki56
OS=Windows_NT
PROCESSOR_IDENTIFIER=Intel64 Family 6 Model 142 Stepping 10, GenuineIntel
TMP=C:\Users\aksha\AppData\Local\Temp
TEMP=C:\Users\aksha\AppData\Local\Temp




---------------  S Y S T E M  ---------------

OS:
 Windows 11 , 64 bit Build 22621 (10.0.22621.2506)
OS uptime: 19 days 7:01 hours
Hyper-V role detected

CPU: total 4 (initial active 4) (2 cores per cpu, 2 threads per core) family 6 model 142 stepping 10 microcode 0xe0, cx8, cmov, fxsr, ht, mmx, 3dnowpref, sse, sse2, sse3, ssse3, sse4.1, sse4.2, popcnt, lzcnt, tsc, tscinvbit, avx, avx2, aes, erms, clmul, bmi1, bmi2, adx, fma, vzeroupper, clflush, clflushopt, hv, rdtscp, f16c

Memory: 4k page, system-wide physical 12199M (1169M free)
TotalPageFile size 34919M (AvailPageFile size 133M)
current process WorkingSet (physical memory assigned to process): 12M, peak: 12M
current process commit charge ("private bytes"): 52M, peak: 244M

vm_info: Java HotSpot(TM) 64-Bit Server VM (20.0.1+9-29) for windows-amd64 JRE (20.0.1+9-29), built on 2023-03-07T13:56:11Z by "mach5one" with MS VC++ 17.1 (VS2022)

END.
